<?xml version="1.0" encoding="UTF-8"?>
<!-- Generated by org.testng.reporters.JUnitReportReporter -->
<testsuite skipped="1" hostname="DESKTOP-185HNI4" name="DataProviderTestCases.TestNGParameterizationExcel" tests="1" failures="0" timestamp="23 Mar 2017 20:50:13 GMT" time="0.000" errors="0">
  <testcase name="testData" time="0.000" classname="DataProviderTestCases.TestNGParameterizationExcel">
    <skipped/>
  </testcase> <!-- testData -->
</testsuite> <!-- DataProviderTestCases.TestNGParameterizationExcel -->
