<?xml version="1.0" encoding="UTF-8"?>
<!-- Generated by org.testng.reporters.JUnitReportReporter -->
<testsuite skipped="1" hostname="DESKTOP-185HNI4" name="DataProviderTestCases.TestNGParameterizationExcel1" tests="1" failures="0" timestamp="24 Mar 2017 15:44:42 GMT" time="0.000" errors="0">
  <testcase name="testData" time="0.000" classname="DataProviderTestCases.TestNGParameterizationExcel1">
    <skipped/>
  </testcase> <!-- testData -->
</testsuite> <!-- DataProviderTestCases.TestNGParameterizationExcel1 -->
