<?xml version="1.0" encoding="UTF-8"?>
<!-- Generated by org.testng.reporters.JUnitReportReporter -->
<testsuite skipped="0" hostname="DESKTOP-185HNI4" name="TestCases.MultiBrowser" tests="3" failures="0" timestamp="22 Mar 2017 20:35:30 GMT" time="14.095" errors="0">
  <testcase name="multiBrowser" time="7.634" classname="TestCases.MultiBrowser"/>
  <testcase name="multiBrowser" time="2.564" classname="TestCases.MultiBrowser"/>
  <testcase name="multiBrowser" time="3.897" classname="TestCases.MultiBrowser"/>
</testsuite> <!-- TestCases.MultiBrowser -->
