<?xml version="1.0" encoding="UTF-8"?>
<!-- Generated by org.testng.reporters.JUnitReportReporter -->
<testsuite skipped="0" hostname="DESKTOP-185HNI4" name="TestCases.Multi" tests="1" failures="0" timestamp="14 Mar 2017 03:37:39 GMT" time="8.992" errors="0">
  <testcase name="multiBrowser" time="8.992" classname="TestCases.Multi"/>
</testsuite> <!-- TestCases.Multi -->
