<?xml version="1.0" encoding="UTF-8"?>
<!-- Generated by org.testng.reporters.JUnitReportReporter -->
<testsuite skipped="0" hostname="DESKTOP-185HNI4" name="TestCases.GmailRegistrationForm" tests="2" failures="0" timestamp="14 Mar 2017 02:28:29 GMT" time="3.340" errors="0">
  <testcase name="gmailRegistrationForm" time="1.764" classname="TestCases.GmailRegistrationForm"/>
  <testcase name="gmailRegistrationForm" time="1.576" classname="TestCases.GmailRegistrationForm"/>
</testsuite> <!-- TestCases.GmailRegistrationForm -->
